C51 COMPILER V9.53.0.0   STC8_TIMER2_UART                                                  11/29/2019 09:08:42 PAGE 1   


C51 COMPILER V9.53.0.0, COMPILATION OF MODULE STC8_TIMER2_UART
OBJECT MODULE PLACED IN ..\obj\STC8_TIMER2_UART.obj
COMPILER INVOKED BY: C:\Keil_v5\C51\BIN\C51.EXE ..\library\STC8_TIMER2_UART.c OMF2 BROWSE INCDIR(..\main;..\library) DEB
                    -UG PRINT(..\obj\STC8_TIMER2_UART.lst) TABS(2) OBJECT(..\obj\STC8_TIMER2_UART.obj)

line level    source

   1          
   2          
   3          #include "STC8_TIMER2_UART.h"
   4          
   5          bit Uart1_busy = 0;
   6          
   7          void initTimer2_UART(void)
   8          {
   9   1        SCON = 0x50;    //8位数据,可变波特率
  10   1        AUXR |= 0x01;   //串口1选择定时器2为波特率发生器
  11   1        AUXR |= 0x04;   //定时器2时钟为Fosc,即1T
  12   1        T2L = Timer2Value;      //设定定时初值
  13   1        T2H = Timer2Value >> 8; //设定定时初值
  14   1        AUXR |= 0x10;   //启动定时器2
  15   1        ES = 1;
  16   1        EA = 1;
  17   1      }
  18          
  19          void InterruptUart1() interrupt 4
  20          {
  21   1        if(TI)
  22   1        {
  23   2          TI = 0;
  24   2          Uart1_busy = 0;
  25   2        }
  26   1        if(RI)
  27   1        {
  28   2          RI = 0;
  29   2          Uart1_Receiver_Data_CallBuck( SBUF );
  30   2        }
  31   1      }
  32          
  33          
  34          void UART1_Send(char ch)
  35          {
  36   1        while(Uart1_busy);
  37   1        Uart1_busy = 1;
  38   1        SBUF = ch;
  39   1      }
  40          
  41          void Uaurt1_Send_String( char * p )
  42          {
  43   1        while( *p )
  44   1        {
  45   2          UART1_Send( *p );
  46   2          p ++;
  47   2        }
  48   1      }
  49          
  50          
  51          
  52          


C51 COMPILER V9.53.0.0   STC8_TIMER2_UART                                                  11/29/2019 09:08:42 PAGE 2   

MODULE INFORMATION:   STATIC OVERLAYABLE
   CODE SIZE        =    126    ----
   CONSTANT SIZE    =   ----    ----
   XDATA SIZE       =   ----    ----
   PDATA SIZE       =   ----    ----
   DATA SIZE        =   ----    ----
   IDATA SIZE       =   ----    ----
   BIT SIZE         =      1    ----
   EDATA SIZE       =   ----    ----
   HDATA SIZE       =   ----    ----
   XDATA CONST SIZE =   ----    ----
   FAR CONST SIZE   =   ----    ----
END OF MODULE INFORMATION.


C51 COMPILATION COMPLETE.  0 WARNING(S),  0 ERROR(S)
