C51 COMPILER V9.53.0.0   TRANSMISSIONCOMMUICATIONPROTCOL                                   11/29/2019 09:09:50 PAGE 1   


C51 COMPILER V9.53.0.0, COMPILATION OF MODULE TRANSMISSIONCOMMUICATIONPROTCOL
OBJECT MODULE PLACED IN ..\obj\TransmissionCommuicationProtcol.obj
COMPILER INVOKED BY: C:\Keil_v5\C51\BIN\C51.EXE ..\library\TransmissionCommuicationProtcol.c OMF2 BROWSE INCDIR(..\main;
                    -..\library) DEBUG PRINT(..\obj\TransmissionCommuicationProtcol.lst) TABS(2) OBJECT(..\obj\TransmissionCommuicationProtco
                    -l.obj)

line level    source

   1          
   2          /*
   3            传输协议：
   4              第一：传输指令
   5              |__"SP"__|__Comm_byte__|__"T:"__|__DataLength__|__"D:"__|___...data...__|__ED__|__AddCheckValue__|
   6              
   7              第二：传输数据
   8              |__"SP"__|__Comm_byte__|__"T:"__|__StartAddress__|__DataLength__|__"D:"__|___...data...__|__ED__|__AddCh
             -eckValue__|
   9              
  10          */
  11          
  12          #include "TransmissionCommuicationProtcol.h"
  13          
  14          
  15          
  16          


MODULE INFORMATION:   STATIC OVERLAYABLE
   CODE SIZE        =   ----    ----
   CONSTANT SIZE    =   ----    ----
   XDATA SIZE       =   ----    ----
   PDATA SIZE       =   ----    ----
   DATA SIZE        =   ----    ----
   IDATA SIZE       =   ----    ----
   BIT SIZE         =   ----    ----
   EDATA SIZE       =   ----    ----
   HDATA SIZE       =   ----    ----
   XDATA CONST SIZE =   ----    ----
   FAR CONST SIZE   =   ----    ----
END OF MODULE INFORMATION.


C51 COMPILATION COMPLETE.  0 WARNING(S),  0 ERROR(S)
